xrecyclerview/build/intermediates/manifest_merge_blame_file/debug/manifest-merger-blame-debug-report.txt
1<?xml version="1.0" encoding="utf-8"?>
2<manifest xmlns:android="http://schemas.android.com/apk/res/android"
3    package="com.example.xrecyclerview"
4    android:versionCode="1"
5    android:versionName="1.0" >
6
7    <uses-sdk
8        android:minSdkVersion="15"
8-->src\main\AndroidManifest.xml
9        android:targetSdkVersion="28" />
9-->src\main\AndroidManifest.xml
10
11    <permission android:name="android.permission.ACCESS_NETWORK_STATE" />
11-->src\main\AndroidManifest.xml:3:5-74
11-->src\main\AndroidManifest.xml:3:17-71
12
13    <uses-permission android:name="android.permission.INTERNET" />
13-->src\main\AndroidManifest.xml:4:5-67
13-->src\main\AndroidManifest.xml:4:22-64
14
15    <application
15-->src\main\AndroidManifest.xml:5:5-8:19
16        android:allowBackup="true"
16-->src\main\AndroidManifest.xml:5:18-44
17        android:label="@string/app_name"
17-->src\main\AndroidManifest.xml:5:45-77
18        android:supportsRtl="true" >
18-->src\main\AndroidManifest.xml:6:9-35
19    </application>
20
21</manifest>